0 info it worked if it ends with ok
1 verbose cli [ 'node', '/home/ubuntu/.nvm/v0.10.35/bin/npm', 'start' ]
2 info using npm@3.3.5
3 info using node@v0.10.35
4 verbose run-script [ 'prestart', 'start', 'poststart' ]
5 info lifecycle flapper-news@0.0.0~prestart: flapper-news@0.0.0
6 silly lifecycle flapper-news@0.0.0~prestart: no script for prestart, continuing
7 info lifecycle flapper-news@0.0.0~start: flapper-news@0.0.0
8 verbose lifecycle flapper-news@0.0.0~start: unsafe-perm in lifecycle true
9 verbose lifecycle flapper-news@0.0.0~start: PATH: /home/ubuntu/.nvm/v0.10.35/lib/node_modules/npm/bin/node-gyp-bin:/home/ubuntu/workspace/flapper-news/node_modules/.bin:/home/ubuntu/.nvm/v0.10.35/bin:/usr/local/rvm/gems/ruby-2.1.5@rails4/bin:/usr/local/rvm/gems/ruby-2.1.5@global/bin:/usr/local/rvm/rubies/ruby-2.1.5/bin:/mnt/shared/bin:/home/ubuntu/workspace/node_modules/.bin:/home/ubuntu/bin:/usr/local/sbin:/usr/local/bin:/usr/sbin:/usr/bin:/sbin:/bin:/mnt/shared/sbin:/opt/gitl:/opt/go/bin:/mnt/shared/c9/app.nw/bin:/usr/local/rvm/bin
10 verbose lifecycle flapper-news@0.0.0~start: CWD: /home/ubuntu/workspace/flapper-news
11 silly lifecycle flapper-news@0.0.0~start: Args: [ '-c', 'node ./bin/www' ]
12 silly lifecycle flapper-news@0.0.0~start: Returned: code: 8  signal: null
13 info lifecycle flapper-news@0.0.0~start: Failed to exec start script
14 verbose stack Error: flapper-news@0.0.0 start: `node ./bin/www`
14 verbose stack Exit status 8
14 verbose stack     at EventEmitter.<anonymous> (/home/ubuntu/.nvm/v0.10.35/lib/node_modules/npm/lib/utils/lifecycle.js:233:16)
14 verbose stack     at EventEmitter.emit (events.js:98:17)
14 verbose stack     at ChildProcess.<anonymous> (/home/ubuntu/.nvm/v0.10.35/lib/node_modules/npm/lib/utils/spawn.js:24:14)
14 verbose stack     at ChildProcess.emit (events.js:98:17)
14 verbose stack     at maybeClose (child_process.js:766:16)
14 verbose stack     at Process.ChildProcess._handle.onexit (child_process.js:833:5)
15 verbose pkgid flapper-news@0.0.0
16 verbose cwd /home/ubuntu/workspace/flapper-news
17 error Linux 3.14.13-c9
18 error argv "node" "/home/ubuntu/.nvm/v0.10.35/bin/npm" "start"
19 error node v0.10.35
20 error npm  v3.3.5
21 error code ELIFECYCLE
22 error flapper-news@0.0.0 start: `node ./bin/www`
22 error Exit status 8
23 error Failed at the flapper-news@0.0.0 start script 'node ./bin/www'.
23 error This is most likely a problem with the flapper-news package,
23 error not with npm itself.
23 error Tell the author that this fails on your system:
23 error     node ./bin/www
23 error You can get their info via:
23 error     npm owner ls flapper-news
23 error There is likely additional logging output above.
24 verbose exit [ 1, true ]
